0000000 6f4c 6572 206d 7069 7573 206d 6f64 6f6c
0000010 2072 6973 2074 6d61 7465 202c 6f63 736e
0000020 6365 6574 7574 2072 6461 7069 7369 6963
0000030 676e 6520 696c 2e74 5320 6465 6420 206f
0000040 6f6e 756e 6d6d 2079 696e 6862 6520 6975
0000050 6d73 646f 7420 6e69 6963 7564 746e 7520
0000060 0a74 616c 726f 6565 2074 6f64 6f6c 6572
0000070 6d20 6761 616e 6120 696c 7571 6d61 6520
0000080 6172 2074 6f76 756c 7074 7461 202e 7455
0000090 7720 7369 2069 6e65 6d69 6120 2064 696d
00000a0 696e 206d 6576 696e 6d61 202c 7571 7369
00000b0 6e20 736f 7274 6475 6520 6578 6372 2069
00000c0 6174 6974 6e6f 750a 6c6c 6d61 6f63 7072
00000d0 7265 7320 7375 6963 6970 2074 6f6c 6f62
00000e0 7472 7369 6e20 7369 206c 7475 6120 696c
00000f0 7571 7069 6520 2078 6165 6320 6d6f 6f6d
0000100 6f64 6320 6e6f 6573 7571 7461 202e 7544
0000110 7369 6120 7475 6d65 7620 6c65 6520 6d75
0000120 6920 6972 7275 2065 6f64 6f6c 0a72 6e69
0000130 6820 6e65 7264 7265 7469 6920 206e 7576
0000140 706c 7475 7461 2065 6576 696c 2074 7365
0000150 6573 6d20 6c6f 7365 6974 2065 6f63 736e
0000160 7165 6175 2c74 7620 6c65 6920 6c6c 6d75
0000170 6420 6c6f 726f 2065 7565 6620 7565 6967
0000180 7461 6e20 6c75 616c 6620 6361 6c69 7369
0000190 7369 6120 0a74 6576 6f72 6520 6f72 2073
00001a0 7465 6120 6363 6d75 6173 206e 7465 6920
00001b0 7375 6f74 6f20 6964 206f 6964 6e67 7369
00001c0 6973 206d 7571 2069 6c62 6e61 6964 2074
00001d0 7270 6561 6573 746e 6c20 7075 6174 7574
00001e0 206d 7a7a 6972 206c 6564 656c 696e 2074
00001f0 7561 7567 2065 7564 7369 640a 6c6f 726f
0000200 2065 6574 6620 7565 6167 7469 6e20 6c75
0000210 616c 6620 6361 6c69 7369 2e69 4e20 6d61
0000220 6c20 6269 7265 7420 6d65 6f70 2072 7563
0000230 206d 6f73 756c 6174 6e20 626f 7369 6520
0000240 656c 6669 6e65 2064 706f 6974 6e6f 6320
0000250 6e6f 7567 2065 696e 6968 206c 6d69 6570
0000260 6472 6569 0a74 6f64 696d 676e 6920 2064
0000270 7571 646f 6d20 7a61 6d69 7020 616c 6563
0000280 6172 2074 6166 6563 2072 6f70 7373 6d69
0000290 6120 7373 6d75 202e 7954 6970 6e20 6e6f
00002a0 6820 6261 6e65 2074 6c63 7261 7469 7461
00002b0 6d65 6920 736e 7469 6d61 203b 7365 2074
00002c0 7375 7375 6c20 6765 6e65 6974 0a73 6e69
00002d0 6920 7369 7120 6975 6620 6361 7469 6520
00002e0 726f 6d75 6320 616c 6972 6174 6574 2e6d
00002f0 4920 766e 7365 6974 6167 6974 6e6f 7365
0000300 6420 6d65 6e6f 7473 6172 6576 7572 746e
0000310 6c20 6365 6f74 6572 2073 656c 6567 6572
0000320 6d20 2065 696c 7375 7120 6f75 2064 6969
0000330 6c20 6765 6e75 0a74 6173 7065 7569 2e73
0000340 4320 616c 6972 6174 2073 7365 2074 7465
0000350 6169 206d 7270 636f 7365 7573 2073 7964
0000360 616e 696d 7563 2c73 7120 6975 7320 7165
0000370 6975 7574 2072 756d 6174 6974 6e6f 6d65
0000380 6320 6e6f 7573 7465 6475 7569 206d 656c
0000390 7463 726f 6d75 0a2e 694d 7572 206d 7365
00003a0 2074 6f6e 6174 6572 7120 6175 206d 696c
00003b0 7474 7265 2061 6f67 6874 6369 2c61 7120
00003c0 6175 206d 756e 636e 7020 7475 6d61 7375
00003d0 7020 7261 6d75 6320 616c 6172 2c6d 6120
00003e0 746e 7065 736f 6575 6972 2074 696c 7474
00003f0 7265 7261 6d75 6620 726f 616d 0a73 7568
0000400 616d 696e 6174 6974 2073 6570 2072 6573
0000410 6361 6c75 2061 7571 7261 6174 6420 6365
0000420 6d69 2061 7465 7120 6975 746e 2061 6564
0000430 6963 616d 202e 6f45 6564 206d 6f6d 6f64
0000440 7420 7079 2c69 7120 6975 6e20 6e75 2063
0000450 6f6e 6962 2073 6976 6564 746e 7275 7020
0000460 7261 6d75 630a 616c 6972 202c 6966 6e61
0000470 2074 6f73 6c6c 6d65 656e 2073 6e69 6620
0000480 7475 7275 6d75 0a2e                    
0000488
